<?xml version="1.0" encoding="UTF-8"?>
<!-- Generated by org.testng.reporters.JUnitXMLReporter -->
<testsuite ignored="3" hostname="DESKTOP-IM0U5Q7" failures="0" tests="1" name="Default test" time="7.851" errors="0" timestamp="2023-08-21T18:28:34 IST">
  <testcase classname="api.tests.UserTest" name="testpostUser" time="5.922"/>
  <testcase classname="api.tests.UserTest" name="testUpdate" time="0.0">
    <ignored/>
  </testcase> <!-- testUpdate -->
  <testcase classname="api.tests.UserTest" name="testDeleteUser" time="0.0">
    <ignored/>
  </testcase> <!-- testDeleteUser -->
  <testcase classname="api.tests.UserTest" name="testUserDetails" time="0.0">
    <ignored/>
  </testcase> <!-- testUserDetails -->
</testsuite> <!-- Default test -->
