<?xml version="1.0" encoding="UTF-8"?>
<testng-results ignored="3" total="4" passed="1" failed="0" skipped="0">
  <reporter-output>
  </reporter-output>
  <suite started-at="2023-08-21T18:28:26 IST" name="Default suite" finished-at="2023-08-21T18:28:34 IST" duration-ms="7851">
    <groups>
    </groups>
    <test started-at="2023-08-21T18:28:26 IST" name="Default test" finished-at="2023-08-21T18:28:34 IST" duration-ms="7851">
      <class name="api.tests.UserTest">
        <test-method is-config="true" signature="setUp()[pri:0, instance:api.tests.UserTest@2a3b5b47]" started-at="2023-08-21T18:28:26 IST" name="setUp" finished-at="2023-08-21T18:28:28 IST" duration-ms="1826" status="PASS">
          <reporter-output>
          </reporter-output>
        </test-method> <!-- setUp -->
        <test-method signature="testpostUser()[pri:1, instance:api.tests.UserTest@2a3b5b47]" started-at="2023-08-21T18:28:28 IST" name="testpostUser" finished-at="2023-08-21T18:28:34 IST" duration-ms="5922" status="PASS">
          <reporter-output>
          </reporter-output>
        </test-method> <!-- testpostUser -->
      </class> <!-- api.tests.UserTest -->
    </test> <!-- Default test -->
  </suite> <!-- Default suite -->
</testng-results>
