<?xml version="1.0" encoding="UTF-8"?>
<!-- Generated by org.testng.reporters.JUnitXMLReporter -->
<testsuite ignored="0" hostname="DESKTOP-IM0U5Q7" failures="0" tests="4" name="UserTest" time="12.102" errors="0" timestamp="2023-08-21T15:39:45 IST">
  <testcase classname="api.tests.UserTest" name="testpostUser" time="4.199"/>
  <testcase classname="api.tests.UserTest" name="testUserDetails" time="1.704"/>
  <testcase classname="api.tests.UserTest" name="testUpdate" time="2.513"/>
  <testcase classname="api.tests.UserTest" name="testDeleteUser" time="1.274"/>
</testsuite> <!-- UserTest -->
