<?xml version="1.0" encoding="UTF-8"?>
<!-- Generated by org.testng.reporters.JUnitXMLReporter -->
<testsuite ignored="0" hostname="DESKTOP-IM0U5Q7" failures="0" tests="6" name="UserDataDrivenTest" time="8.005" errors="0" timestamp="2023-08-31T16:05:41 IST">
  <testcase classname="api.tests.DataDrivenTestForUser" name="createUsertest" time="4.676"/>
  <testcase classname="api.tests.DataDrivenTestForUser" name="createUsertest" time="4.681"/>
  <testcase classname="api.tests.DataDrivenTestForUser" name="createUsertest" time="4.704"/>
  <testcase classname="api.tests.DataDrivenTestForUser" name="deleteUserTest" time="1.337"/>
  <testcase classname="api.tests.DataDrivenTestForUser" name="deleteUserTest" time="1.37"/>
  <testcase classname="api.tests.DataDrivenTestForUser" name="deleteUserTest" time="1.379"/>
</testsuite> <!-- UserDataDrivenTest -->
