<?xml version="1.0" encoding="UTF-8"?>
<!-- Generated by org.testng.reporters.JUnitXMLReporter -->
<testsuite ignored="0" hostname="DESKTOP-IM0U5Q7" failures="0" tests="4" name="UserTest" time="22.932" errors="0" timestamp="2023-08-31T16:05:33 IST">
  <testcase classname="api.tests.UserTest" name="testpostUser" time="15.291"/>
  <testcase classname="api.tests.UserTest" name="testUserDetails" time="1.911"/>
  <testcase classname="api.tests.UserTest" name="testUpdate" time="2.827"/>
  <testcase classname="api.tests.UserTest" name="testDeleteUser" time="1.408"/>
</testsuite> <!-- UserTest -->
