<?xml version="1.0" encoding="UTF-8"?>
<!-- Generated by org.testng.reporters.JUnitXMLReporter -->
<testsuite ignored="0" hostname="DESKTOP-IM0U5Q7" failures="0" tests="6" name="UserDataDrivenTest" time="6.383" errors="0" timestamp="2023-08-21T15:39:51 IST">
  <testcase classname="api.tests.DataDrivenTestForUser" name="createUsertest" time="2.536"/>
  <testcase classname="api.tests.DataDrivenTestForUser" name="createUsertest" time="2.556"/>
  <testcase classname="api.tests.DataDrivenTestForUser" name="createUsertest" time="2.582"/>
  <testcase classname="api.tests.DataDrivenTestForUser" name="deleteUserTest" time="1.268"/>
  <testcase classname="api.tests.DataDrivenTestForUser" name="deleteUserTest" time="1.282"/>
  <testcase classname="api.tests.DataDrivenTestForUser" name="deleteUserTest" time="1.288"/>
</testsuite> <!-- UserDataDrivenTest -->
